\o Program:		@(#)$CDS: libManager version 6.1.8 - CAT38.23 06/08/2023 01:07 (sjfdcl1184) $
\o Sub version:		sub-version  p200 
\o Arguments:		-unmapped -mpssession virtuoso55269 -mpshost ececomp2.ecn.purdue.edu -ADVM 
\o Working Directory:	ececomp2.ecn.purdue.edu:/home/min/a/srivas95/CMOS_self_heating/openlane/sky130_cds/VirtuosoOA/sky130_osu_sc_t18/sky130_osu_sc_18T_ms__ring_oscillator
\o 64-bit offsets
\o Qt version: 		5.15.9
\a cdsLibManager->cellSearchSubstringButton->value = t
\o changeWorkingDir("/home/min/a/srivas95/CMOS_self_heating/openlane/sky130_cds/VirtuosoOA/sky130_osu_sc_t18/sky130_osu_sc_18T_ms__ring_oscillator") unnecessary.
\o ddSetForcedLib("") unnecessary.
\o Session hidden cells enabled.
\o Log file is "/home/min/a/srivas95/CMOS_self_heating/openlane/sky130_cds/VirtuosoOA/sky130_osu_sc_t18/sky130_osu_sc_18T_ms__ring_oscillator/libManager.log".
\o Opening libManager window.
\a nrSetWindowVisibility(cdsLibManager "show")
\o MPS service: map window
\a nrSetCurrentWindow(cdsLibManager)
\w Warning: The directory: '/home/min/a/srivas95/Planar_ring_oscillator' does not exist
\w 	but was defined in libFile '/home/min/a/srivas95/cds.lib' for Lib 'Planar_ring_oscillator'.
\o Library Manager customization server connected.
\a nrResizeWindow(cdsLibManager list(0 31 1536 732))
\a cdsLibManager->libListBox->value = "rfTlineLib"
\a cdsLibManager->libLineEdit->value = "rfTlineLib"
\a cdsLibManager->libListBox->value = "functional"
\a cdsLibManager->libLineEdit->value = "functional"
\a cdsLibManager->libListBox->value = "rfLib"
\a cdsLibManager->libLineEdit->value = "rfLib"
\a nrSetWindowVisibility(cdsLibManager "hide")
\a _lmgrCloseIconify("cdsLibManager" 1)
\a nrSetWindowVisibility(cdsLibManager "show")
\a nrSetCurrentWindow(cdsLibManager)
\a nrSetWindowVisibility(cdsLibManager "hide")
\a _lmgrCloseIconify("cdsLibManager" 1)
\a nrSetWindowVisibility(cdsLibManager "show")
\a nrSetCurrentWindow(cdsLibManager)
\a nrSetWindowVisibility(cdsLibManager "hide")
\a _lmgrCloseIconify("cdsLibManager" 1)
\o MPS service: shutdown
\o libManager is exiting.
\a exit(0)
