\o Program:		@(#)$CDS: libManager version 6.1.8 - CAT38.23 06/08/2023 01:07 (sjfdcl1184) $
\o Sub version:		sub-version  p200 
\o Arguments:		-unmapped -mpssession virtuoso104790 -mpshost ececomp4.ecn.purdue.edu -ADVM 
\o Working Directory:	ececomp4.ecn.purdue.edu:/home/min/a/srivas95/CMOS_self_heating/openlane/sky130_cds/VirtuosoOA
\o 64-bit offsets
\o Qt version: 		5.15.9
\a cdsLibManager->cellSearchSubstringButton->value = t
\o changeWorkingDir("/home/min/a/srivas95/CMOS_self_heating/openlane/sky130_cds/VirtuosoOA") unnecessary.
\o ddSetForcedLib("") unnecessary.
\o Session hidden cells enabled.
\o Log file is "/home/min/a/srivas95/CMOS_self_heating/openlane/sky130_cds/VirtuosoOA/libManager.log".
\o Opening libManager window.
\a nrSetWindowVisibility(cdsLibManager "show")
\o MPS service: map window
\a nrSetCurrentWindow(cdsLibManager)
\w Warning: '/home/min/a/srivas95/CMOS_self_heating/openlane/sky130_cds/VirtuosoOA/cds.lib', Line 12: lib name skywater-pdk-libs-sky130_fd_pr is not a legal lib name.
\w Warning: '/home/min/a/srivas95/CMOS_self_heating/openlane/sky130_cds/VirtuosoOA/cds.lib', Line 12: Skipping: 'DEFINE'
\o   ./skywater-pdk-libs-sky130_fd_pr 
\o Library Manager customization server connected.
\a nrResizeWindow(cdsLibManager list(0 31 1536 732))
\a cdsLibManager->libListBox->value = "sky130_osu_sc_t18"
\a cdsLibManager->libLineEdit->value = "sky130_osu_sc_t18"
\a cdsLibManager->cellListBox->value = "sky130_osu_sc_18T_ms__ring_oscillator"
\a cdsLibManager->cellLineEdit->value = "sky130_osu_sc_18T_ms__ring_oscillator"
\a cdsLibManager->viewListBox->value = "layout"
\a cdsLibManager->viewLineEdit->value = "layout"
\o MPS request: edit design
\a nrListItemAction(cdsLibManager->gdmXTView 0 0)
\a cdsLibManager->libListBox->value = nil
\a cdsLibManager->libLineEdit->value = ""
\a cdsLibManager->cellListBox->value = nil
\a cdsLibManager->viewLineEdit->value = ""
\a cdsLibManager->viewListBox->value = nil
\a cdsLibManager->cellLineEdit->value = ""
\w Warning: '/home/min/a/srivas95/CMOS_self_heating/openlane/sky130_cds/VirtuosoOA/cds.lib', Line 12: lib name skywater-pdk-libs-sky130_fd_pr is not a legal lib name.
\w Warning: '/home/min/a/srivas95/CMOS_self_heating/openlane/sky130_cds/VirtuosoOA/cds.lib', Line 12: Skipping: 'DEFINE'
\o   ./skywater-pdk-libs-sky130_fd_pr 
\a cdsLibManager->libListBox->value = "sky130_osu_sc_t18"
\a cdsLibManager->libLineEdit->value = "sky130_osu_sc_t18"
\a cdsLibManager->cellListBox->value = "sky130_osu_sc_18T_ms__ring_oscillator"
\a cdsLibManager->cellLineEdit->value = "sky130_osu_sc_18T_ms__ring_oscillator"
\a cdsLibManager->viewListBox->value = "layout"
\a cdsLibManager->viewLineEdit->value = "layout"
\a cdsLibManager->viewLineEdit->value = ""
\a cdsLibManager->viewListBox->value = nil
\a cdsLibManager->viewListBox->value = "layout"
\a cdsLibManager->viewLineEdit->value = "layout"
\a nrSetCurrentWindow(cdsLibManager)
\a cdsLibManager->libListBox->value = nil
\a cdsLibManager->libLineEdit->value = ""
\a cdsLibManager->cellListBox->value = nil
\a cdsLibManager->viewLineEdit->value = ""
\a cdsLibManager->viewListBox->value = nil
\a cdsLibManager->cellLineEdit->value = ""
\w Warning: '/home/min/a/srivas95/CMOS_self_heating/openlane/sky130_cds/VirtuosoOA/cds.lib', Line 12: lib name skywater-pdk-libs-sky130_fd_pr is not a legal lib name.
\w Warning: '/home/min/a/srivas95/CMOS_self_heating/openlane/sky130_cds/VirtuosoOA/cds.lib', Line 12: Skipping: 'DEFINE'
\o   ./skywater-pdk-libs-sky130_fd_pr 
\a cdsLibManager->libListBox->value = "sky130_osu_sc_t18"
\a cdsLibManager->libLineEdit->value = "sky130_osu_sc_t18"
\a cdsLibManager->cellListBox->value = "sky130_osu_sc_18T_ms__ring_oscillator"
\a cdsLibManager->cellLineEdit->value = "sky130_osu_sc_18T_ms__ring_oscillator"
\a cdsLibManager->viewListBox->value = "layout"
\a cdsLibManager->viewLineEdit->value = "layout"
\a cdsLibManager->viewLineEdit->value = ""
\a cdsLibManager->viewListBox->value = nil
\a cdsLibManager->viewListBox->value = "layout"
\a cdsLibManager->viewLineEdit->value = "layout"
\a nrSetCurrentWindow(cdsLibManager)
\a cdsLibManager->cellListBox->value = "sky130_osu_sc_18T_ms__inv_l"
\a cdsLibManager->cellLineEdit->value = "sky130_osu_sc_18T_ms__inv_l"
\a cdsLibManager->viewLineEdit->value = ""
\a cdsLibManager->viewListBox->value = nil
\a cdsLibManager->viewListBox->value = "layout"
\a cdsLibManager->viewLineEdit->value = "layout"
\a cdsLibManager->viewListBox->value = "symbol"
\a cdsLibManager->viewLineEdit->value = "symbol"
\o MPS request: edit design
\a nrListItemAction(cdsLibManager->gdmXTView 1 0)
\a nrSetCurrentWindow(cdsLibManager)
\a nrSetWindowVisibility(cdsLibManager "hide")
\a cdsLibManager->libListBox->value = nil
\a cdsLibManager->libLineEdit->value = ""
\a cdsLibManager->cellListBox->value = nil
\a cdsLibManager->viewLineEdit->value = ""
\a cdsLibManager->viewListBox->value = nil
\a cdsLibManager->cellLineEdit->value = ""
\w Warning: '/home/min/a/srivas95/CMOS_self_heating/openlane/sky130_cds/VirtuosoOA/cds.lib', Line 12: lib name skywater-pdk-libs-sky130_fd_pr is not a legal lib name.
\w Warning: '/home/min/a/srivas95/CMOS_self_heating/openlane/sky130_cds/VirtuosoOA/cds.lib', Line 12: Skipping: 'DEFINE'
\o   ./skywater-pdk-libs-sky130_fd_pr 
\a cdsLibManager->libListBox->value = "sky130_osu_sc_t18"
\a cdsLibManager->libLineEdit->value = "sky130_osu_sc_t18"
\a cdsLibManager->cellListBox->value = "sky130_osu_sc_18T_ms__inv_l"
\a cdsLibManager->cellLineEdit->value = "sky130_osu_sc_18T_ms__inv_l"
\a cdsLibManager->viewListBox->value = "symbol"
\a cdsLibManager->viewLineEdit->value = "symbol"
\a cdsLibManager->viewLineEdit->value = ""
\a cdsLibManager->viewListBox->value = nil
\a cdsLibManager->viewListBox->value = "symbol"
\a cdsLibManager->viewLineEdit->value = "symbol"
\a cdsLibManager->libListBox->value = nil
\a cdsLibManager->libLineEdit->value = ""
\a cdsLibManager->cellListBox->value = nil
\a cdsLibManager->viewLineEdit->value = ""
\a cdsLibManager->viewListBox->value = nil
\a cdsLibManager->cellLineEdit->value = ""
\w Warning: '/home/min/a/srivas95/CMOS_self_heating/openlane/sky130_cds/VirtuosoOA/cds.lib', Line 12: lib name skywater-pdk-libs-sky130_fd_pr is not a legal lib name.
\w Warning: '/home/min/a/srivas95/CMOS_self_heating/openlane/sky130_cds/VirtuosoOA/cds.lib', Line 12: Skipping: 'DEFINE'
\o   ./skywater-pdk-libs-sky130_fd_pr 
\a cdsLibManager->libListBox->value = "sky130_osu_sc_t18"
\a cdsLibManager->libLineEdit->value = "sky130_osu_sc_t18"
\a cdsLibManager->cellListBox->value = "sky130_osu_sc_18T_ms__inv_l"
\a cdsLibManager->cellLineEdit->value = "sky130_osu_sc_18T_ms__inv_l"
\a cdsLibManager->viewListBox->value = "symbol"
\a cdsLibManager->viewLineEdit->value = "symbol"
\a cdsLibManager->viewLineEdit->value = ""
\a cdsLibManager->viewListBox->value = nil
\a cdsLibManager->viewListBox->value = "symbol"
\a cdsLibManager->viewLineEdit->value = "symbol"
\a cdsLibManager->libListBox->value = nil
\a cdsLibManager->libLineEdit->value = ""
\a cdsLibManager->cellListBox->value = nil
\a cdsLibManager->viewLineEdit->value = ""
\a cdsLibManager->viewListBox->value = nil
\a cdsLibManager->cellLineEdit->value = ""
\w Warning: '/home/min/a/srivas95/CMOS_self_heating/openlane/sky130_cds/VirtuosoOA/cds.lib', Line 12: lib name skywater-pdk-libs-sky130_fd_pr is not a legal lib name.
\w Warning: '/home/min/a/srivas95/CMOS_self_heating/openlane/sky130_cds/VirtuosoOA/cds.lib', Line 12: Skipping: 'DEFINE'
\o   ./skywater-pdk-libs-sky130_fd_pr 
\a cdsLibManager->libListBox->value = "sky130_osu_sc_t18"
\a cdsLibManager->libLineEdit->value = "sky130_osu_sc_t18"
\a cdsLibManager->cellListBox->value = "sky130_osu_sc_18T_ms__inv_l"
\a cdsLibManager->cellLineEdit->value = "sky130_osu_sc_18T_ms__inv_l"
\a cdsLibManager->viewListBox->value = "symbol"
\a cdsLibManager->viewLineEdit->value = "symbol"
\a cdsLibManager->viewLineEdit->value = ""
\a cdsLibManager->viewListBox->value = nil
\a cdsLibManager->viewListBox->value = "symbol"
\a cdsLibManager->viewLineEdit->value = "symbol"
\o MPS service: shutdown
\o libManager is exiting.
\a exit(0)
